(N) 2022-01-27T01:36:31 - qBittorrent v4.2.5 started
(N) 2022-01-27T01:36:31 - Using config directory: /home/dusty47z/.config/qBittorrent/
(I) 2022-01-27T01:36:34 - Trying to listen on: 0.0.0.0:21102,[::]:21102
(N) 2022-01-27T01:36:34 - Peer ID: -qB4250-
(N) 2022-01-27T01:36:34 - HTTP User-Agent is 'qBittorrent/4.2.5'
(I) 2022-01-27T01:36:34 - DHT support [ON]
(I) 2022-01-27T01:36:34 - Local Peer Discovery support [ON]
(I) 2022-01-27T01:36:34 - PeX support [ON]
(I) 2022-01-27T01:36:34 - Anonymous mode [OFF]
(I) 2022-01-27T01:36:34 - Encryption support [ON]
(I) 2022-01-27T01:36:34 - UPnP / NAT-PMP support [ON]
(W) 2022-01-27T01:36:34 - Couldn't load IP geolocation database. Reason: No such file or directory
(N) 2022-01-27T01:36:34 - Options were saved successfully.
(I) 2022-01-27T01:36:34 - Successfully listening on IP: 127.0.0.1, port: TCP/21102
(I) 2022-01-27T01:36:34 - Successfully listening on IP: 127.0.0.1, port: UDP/21102
(I) 2022-01-27T01:36:34 - Successfully listening on IP: 192.168.1.58, port: TCP/21102
(I) 2022-01-27T01:36:34 - Successfully listening on IP: 192.168.1.58, port: UDP/21102
(I) 2022-01-27T01:36:34 - Successfully listening on IP: ::1, port: TCP/21102
(I) 2022-01-27T01:36:34 - Successfully listening on IP: ::1, port: UDP/21102
(I) 2022-01-27T01:36:34 - Successfully listening on IP: 2600:6c60:417f:f862:127b:44ff:fe50:3e52, port: TCP/21102
(I) 2022-01-27T01:36:34 - Successfully listening on IP: 2600:6c60:417f:f862:127b:44ff:fe50:3e52, port: UDP/21102
(I) 2022-01-27T01:36:34 - Successfully listening on IP: fe80::127b:44ff:fe50:3e52%enp3s0, port: TCP/21102
(I) 2022-01-27T01:36:34 - Successfully listening on IP: fe80::127b:44ff:fe50:3e52%enp3s0, port: UDP/21102
(I) 2022-01-27T01:36:34 - UPnP/NAT-PMP: Port mapping successful, message: successfully mapped port using UPnP. external port: TCP/21102
(I) 2022-01-27T01:36:34 - UPnP/NAT-PMP: Port mapping successful, message: successfully mapped port using UPnP. external port: UDP/21102
(I) 2022-01-27T01:36:35 - IP geolocation database loaded. Type: DBIP-Country-Lite. Build time: Fri Dec 31 20:11:53 2021.
(I) 2022-01-27T01:36:35 - Successfully updated IP geolocation database.
(N) 2022-01-27T01:39:28 - Options were saved successfully.
(I) 2022-01-27T01:39:37 - UPnP / NAT-PMP support [OFF]
(N) 2022-01-27T01:39:39 - qBittorrent v4.2.5 started
(N) 2022-01-27T01:39:39 - Using config directory: /home/dusty47z/.config/qBittorrent/
(I) 2022-01-27T01:39:39 - Trying to listen on: 0.0.0.0:21102,[::]:21102
(N) 2022-01-27T01:39:39 - Peer ID: -qB4250-
(N) 2022-01-27T01:39:39 - HTTP User-Agent is 'qBittorrent/4.2.5'
(I) 2022-01-27T01:39:39 - DHT support [ON]
(I) 2022-01-27T01:39:39 - Local Peer Discovery support [ON]
(I) 2022-01-27T01:39:39 - PeX support [ON]
(I) 2022-01-27T01:39:39 - Anonymous mode [OFF]
(I) 2022-01-27T01:39:39 - Encryption support [ON]
(I) 2022-01-27T01:39:39 - UPnP / NAT-PMP support [ON]
(I) 2022-01-27T01:39:39 - IP geolocation database loaded. Type: DBIP-Country-Lite. Build time: Fri Dec 31 20:11:53 2021.
(N) 2022-01-27T01:39:39 - Options were saved successfully.
(I) 2022-01-27T01:39:39 - Successfully listening on IP: 127.0.0.1, port: TCP/21102
(I) 2022-01-27T01:39:39 - Successfully listening on IP: 127.0.0.1, port: UDP/21102
(I) 2022-01-27T01:39:39 - Successfully listening on IP: 192.168.1.58, port: TCP/21102
(I) 2022-01-27T01:39:39 - Successfully listening on IP: 192.168.1.58, port: UDP/21102
(I) 2022-01-27T01:39:39 - Successfully listening on IP: ::1, port: TCP/21102
(I) 2022-01-27T01:39:39 - Successfully listening on IP: ::1, port: UDP/21102
(I) 2022-01-27T01:39:39 - Successfully listening on IP: 2600:6c60:417f:f862:127b:44ff:fe50:3e52, port: TCP/21102
(I) 2022-01-27T01:39:39 - Successfully listening on IP: 2600:6c60:417f:f862:127b:44ff:fe50:3e52, port: UDP/21102
(I) 2022-01-27T01:39:39 - Successfully listening on IP: fe80::127b:44ff:fe50:3e52%enp3s0, port: TCP/21102
(I) 2022-01-27T01:39:39 - Successfully listening on IP: fe80::127b:44ff:fe50:3e52%enp3s0, port: UDP/21102
(I) 2022-01-27T01:39:39 - UPnP/NAT-PMP: Port mapping successful, message: successfully mapped port using UPnP. external port: TCP/21102
(I) 2022-01-27T01:39:39 - UPnP/NAT-PMP: Port mapping successful, message: successfully mapped port using UPnP. external port: UDP/21102
(I) 2022-01-27T01:39:45 - Python detected, executable name: 'python3', version: 3.9.2
(I) 2022-01-27T01:39:50 - Plugin "eztv" is outdated, updating to version 1.14
(I) 2022-01-27T01:39:50 - Plugin "jackett" is outdated, updating to version 3.5
(I) 2022-01-27T01:39:50 - Plugin "legittorrents" is outdated, updating to version 2.5
(I) 2022-01-27T01:39:50 - Plugin "limetorrents" is outdated, updating to version 4.6
(I) 2022-01-27T01:39:50 - Plugin "piratebay" is outdated, updating to version 3.1
(I) 2022-01-27T01:39:50 - Plugin "rarbg" is outdated, updating to version 2.14
(I) 2022-01-27T01:39:50 - Plugin "torlock" is outdated, updating to version 2.21
(I) 2022-01-27T01:39:50 - Plugin "torrentscsv" is outdated, updating to version 1.2
(I) 2022-01-27T01:39:50 - Plugin "zooqle" is outdated, updating to version 1.14
(I) 2022-01-27T01:39:56 - UPnP / NAT-PMP support [OFF]
(N) 2022-01-27T01:40:00 - qBittorrent v4.2.5 started
(N) 2022-01-27T01:40:00 - Using config directory: /home/dusty47z/.config/qBittorrent/
(I) 2022-01-27T01:40:01 - Trying to listen on: 0.0.0.0:21102,[::]:21102
(N) 2022-01-27T01:40:01 - Peer ID: -qB4250-
(N) 2022-01-27T01:40:01 - HTTP User-Agent is 'qBittorrent/4.2.5'
(I) 2022-01-27T01:40:01 - DHT support [ON]
(I) 2022-01-27T01:40:01 - Local Peer Discovery support [ON]
(I) 2022-01-27T01:40:01 - PeX support [ON]
(I) 2022-01-27T01:40:01 - Anonymous mode [OFF]
(I) 2022-01-27T01:40:01 - Encryption support [ON]
(I) 2022-01-27T01:40:01 - UPnP / NAT-PMP support [ON]
(I) 2022-01-27T01:40:01 - IP geolocation database loaded. Type: DBIP-Country-Lite. Build time: Fri Dec 31 20:11:53 2021.
(N) 2022-01-27T01:40:01 - Options were saved successfully.
(I) 2022-01-27T01:40:01 - Successfully listening on IP: 127.0.0.1, port: TCP/21102
(I) 2022-01-27T01:40:01 - Successfully listening on IP: 127.0.0.1, port: UDP/21102
(I) 2022-01-27T01:40:01 - Successfully listening on IP: 192.168.1.58, port: TCP/21102
(I) 2022-01-27T01:40:01 - Successfully listening on IP: 192.168.1.58, port: UDP/21102
(I) 2022-01-27T01:40:01 - Successfully listening on IP: ::1, port: TCP/21102
(I) 2022-01-27T01:40:01 - Successfully listening on IP: ::1, port: UDP/21102
(I) 2022-01-27T01:40:01 - Successfully listening on IP: 2600:6c60:417f:f862:127b:44ff:fe50:3e52, port: TCP/21102
(I) 2022-01-27T01:40:01 - Successfully listening on IP: 2600:6c60:417f:f862:127b:44ff:fe50:3e52, port: UDP/21102
(I) 2022-01-27T01:40:01 - Successfully listening on IP: fe80::127b:44ff:fe50:3e52%enp3s0, port: TCP/21102
(I) 2022-01-27T01:40:01 - Successfully listening on IP: fe80::127b:44ff:fe50:3e52%enp3s0, port: UDP/21102
(I) 2022-01-27T01:40:01 - UPnP/NAT-PMP: Port mapping successful, message: successfully mapped port using UPnP. external port: TCP/21102
(I) 2022-01-27T01:40:01 - UPnP/NAT-PMP: Port mapping successful, message: successfully mapped port using UPnP. external port: UDP/21102
(I) 2022-01-27T01:40:01 - Python detected, executable name: 'python3', version: 3.9.2
(N) 2022-01-27T01:40:13 - Options were saved successfully.
(I) 2022-01-27T01:40:15 - UPnP / NAT-PMP support [OFF]
(N) 2022-01-27T01:40:17 - qBittorrent v4.2.5 started
(N) 2022-01-27T01:40:17 - Using config directory: /home/dusty47z/.config/qBittorrent/
(I) 2022-01-27T01:40:17 - Trying to listen on: 0.0.0.0:21102,[::]:21102
(N) 2022-01-27T01:40:17 - Peer ID: -qB4250-
(N) 2022-01-27T01:40:17 - HTTP User-Agent is 'qBittorrent/4.2.5'
(I) 2022-01-27T01:40:17 - DHT support [ON]
(I) 2022-01-27T01:40:17 - Local Peer Discovery support [ON]
(I) 2022-01-27T01:40:17 - PeX support [ON]
(I) 2022-01-27T01:40:17 - Anonymous mode [OFF]
(I) 2022-01-27T01:40:17 - Encryption support [ON]
(I) 2022-01-27T01:40:17 - UPnP / NAT-PMP support [ON]
(I) 2022-01-27T01:40:17 - IP geolocation database loaded. Type: DBIP-Country-Lite. Build time: Fri Dec 31 20:11:53 2021.
(N) 2022-01-27T01:40:17 - Options were saved successfully.
(I) 2022-01-27T01:40:17 - Successfully listening on IP: 127.0.0.1, port: TCP/21102
(I) 2022-01-27T01:40:17 - Successfully listening on IP: 127.0.0.1, port: UDP/21102
(I) 2022-01-27T01:40:17 - Successfully listening on IP: 192.168.1.58, port: TCP/21102
(I) 2022-01-27T01:40:17 - Successfully listening on IP: 192.168.1.58, port: UDP/21102
(I) 2022-01-27T01:40:17 - Successfully listening on IP: ::1, port: TCP/21102
(I) 2022-01-27T01:40:17 - Successfully listening on IP: ::1, port: UDP/21102
(I) 2022-01-27T01:40:17 - Successfully listening on IP: 2600:6c60:417f:f862:127b:44ff:fe50:3e52, port: TCP/21102
(I) 2022-01-27T01:40:17 - Successfully listening on IP: 2600:6c60:417f:f862:127b:44ff:fe50:3e52, port: UDP/21102
(I) 2022-01-27T01:40:17 - Successfully listening on IP: fe80::127b:44ff:fe50:3e52%enp3s0, port: TCP/21102
(I) 2022-01-27T01:40:17 - Successfully listening on IP: fe80::127b:44ff:fe50:3e52%enp3s0, port: UDP/21102
(I) 2022-01-27T01:40:17 - UPnP/NAT-PMP: Port mapping successful, message: successfully mapped port using UPnP. external port: TCP/21102
(I) 2022-01-27T01:40:17 - UPnP/NAT-PMP: Port mapping successful, message: successfully mapped port using UPnP. external port: UDP/21102
(I) 2022-01-27T01:40:17 - Python detected, executable name: 'python3', version: 3.9.2
(N) 2022-01-27T01:40:26 - Options were saved successfully.
(I) 2022-01-27T01:40:28 - UPnP / NAT-PMP support [OFF]
(N) 2022-01-27T01:40:30 - qBittorrent v4.2.5 started
(N) 2022-01-27T01:40:30 - Using config directory: /home/dusty47z/.config/qBittorrent/
(I) 2022-01-27T01:40:30 - Trying to listen on: 0.0.0.0:21102,[::]:21102
(N) 2022-01-27T01:40:30 - Peer ID: -qB4250-
(N) 2022-01-27T01:40:30 - HTTP User-Agent is 'qBittorrent/4.2.5'
(I) 2022-01-27T01:40:30 - DHT support [ON]
(I) 2022-01-27T01:40:30 - Local Peer Discovery support [ON]
(I) 2022-01-27T01:40:30 - PeX support [ON]
(I) 2022-01-27T01:40:30 - Anonymous mode [OFF]
(I) 2022-01-27T01:40:30 - Encryption support [ON]
(I) 2022-01-27T01:40:30 - UPnP / NAT-PMP support [ON]
(I) 2022-01-27T01:40:30 - IP geolocation database loaded. Type: DBIP-Country-Lite. Build time: Fri Dec 31 20:11:53 2021.
(N) 2022-01-27T01:40:30 - Options were saved successfully.
(I) 2022-01-27T01:40:31 - Successfully listening on IP: 127.0.0.1, port: TCP/21102
(I) 2022-01-27T01:40:31 - Successfully listening on IP: 127.0.0.1, port: UDP/21102
(I) 2022-01-27T01:40:31 - Successfully listening on IP: 192.168.1.58, port: TCP/21102
(I) 2022-01-27T01:40:31 - Successfully listening on IP: 192.168.1.58, port: UDP/21102
(I) 2022-01-27T01:40:31 - Successfully listening on IP: ::1, port: TCP/21102
(I) 2022-01-27T01:40:31 - Successfully listening on IP: ::1, port: UDP/21102
(I) 2022-01-27T01:40:31 - Successfully listening on IP: 2600:6c60:417f:f862:127b:44ff:fe50:3e52, port: TCP/21102
(I) 2022-01-27T01:40:31 - Successfully listening on IP: 2600:6c60:417f:f862:127b:44ff:fe50:3e52, port: UDP/21102
(I) 2022-01-27T01:40:31 - Successfully listening on IP: fe80::127b:44ff:fe50:3e52%enp3s0, port: TCP/21102
(I) 2022-01-27T01:40:31 - Successfully listening on IP: fe80::127b:44ff:fe50:3e52%enp3s0, port: UDP/21102
(I) 2022-01-27T01:40:31 - UPnP/NAT-PMP: Port mapping successful, message: successfully mapped port using UPnP. external port: TCP/21102
(I) 2022-01-27T01:40:31 - UPnP/NAT-PMP: Port mapping successful, message: successfully mapped port using UPnP. external port: UDP/21102
(I) 2022-01-27T01:40:31 - Python detected, executable name: 'python3', version: 3.9.2
(I) 2022-01-27T01:42:49 - Detected external IP: 2600:6c60:417f:f862:127b:44ff:fe50:3e52
(N) 2022-01-27T01:43:01 - Download first and last piece first: Off, torrent: '[HorribleSubs] Nekopara - 11 [1080p].mkv'
(N) 2022-01-27T01:43:01 - '[HorribleSubs] Nekopara - 11 [1080p].mkv' added to download list.
(N) 2022-01-27T01:43:04 - Download first and last piece first: Off, torrent: '[HorribleSubs] Nekopara - 12 [1080p].mkv'
(N) 2022-01-27T01:43:04 - '[HorribleSubs] Nekopara - 12 [1080p].mkv' added to download list.
(N) 2022-01-27T01:43:13 - 'Nekopara - 05 [1080p] [sub spa] [CDFA5040] mkv' added to download list.
(N) 2022-01-27T01:43:13 - Download first and last piece first: Off, torrent: '[HorribleSubs] Nekopara - 10 [1080p].mkv'
(N) 2022-01-27T01:43:13 - '[HorribleSubs] Nekopara - 10 [1080p].mkv' added to download list.
(N) 2022-01-27T01:43:14 - Download first and last piece first: Off, torrent: '[HorribleSubs] Nekopara - 09 [1080p].mkv'
(N) 2022-01-27T01:43:14 - '[HorribleSubs] Nekopara - 09 [1080p].mkv' added to download list.
(N) 2022-01-27T01:43:14 - Download first and last piece first: Off, torrent: '[HorribleSubs] Nekopara - 08 [1080p].mkv'
(N) 2022-01-27T01:43:14 - '[HorribleSubs] Nekopara - 08 [1080p].mkv' added to download list.
(N) 2022-01-27T01:43:14 - Download first and last piece first: Off, torrent: '[HorribleSubs] Nekopara - 07 [1080p].mkv'
(N) 2022-01-27T01:43:14 - '[HorribleSubs] Nekopara - 07 [1080p].mkv' added to download list.
(N) 2022-01-27T01:43:15 - Download first and last piece first: Off, torrent: '[HorribleSubs] Nekopara - 06 [1080p].mkv'
(N) 2022-01-27T01:43:15 - '[HorribleSubs] Nekopara - 06 [1080p].mkv' added to download list.
(N) 2022-01-27T01:43:15 - 'Nekopara - 04 (1080p)' added to download list.
(N) 2022-01-27T01:43:15 - Download first and last piece first: Off, torrent: '[HorribleSubs] Nekopara - 03 [1080p].mkv'
(N) 2022-01-27T01:43:15 - '[HorribleSubs] Nekopara - 03 [1080p].mkv' added to download list.
(N) 2022-01-27T01:43:16 - Successfully moved torrent: [HorribleSubs] Nekopara - 04 [1080p].mkv. New path: /home/dusty47z/Downloads
(N) 2022-01-27T01:43:16 - Download first and last piece first: Off, torrent: '[HorribleSubs] Nekopara - 02 [1080p].mkv'
(N) 2022-01-27T01:43:16 - '[HorribleSubs] Nekopara - 02 [1080p].mkv' added to download list.
(N) 2022-01-27T01:43:16 - Download first and last piece first: Off, torrent: '[HorribleSubs] Nekopara - 01 [1080p].mkv'
(N) 2022-01-27T01:43:16 - '[HorribleSubs] Nekopara - 01 [1080p].mkv' added to download list.
(N) 2022-01-27T01:43:30 - Tracker 'udp://tracker.pirateparty.gr:6969/announce' was added to torrent 'Nekopara - 05 [1080p] [sub spa] [CDFA5040] mkv'
(N) 2022-01-27T01:43:30 - Tracker 'udp://tracker.opentrackr.org:1337/announce' was added to torrent 'Nekopara - 05 [1080p] [sub spa] [CDFA5040] mkv'
(N) 2022-01-27T01:43:30 - Tracker 'udp://open.stealth.si:80/announce' was added to torrent 'Nekopara - 05 [1080p] [sub spa] [CDFA5040] mkv'
(N) 2022-01-27T01:43:30 - Tracker 'udp://exodus.desync.com:6969/announce' was added to torrent 'Nekopara - 05 [1080p] [sub spa] [CDFA5040] mkv'
(N) 2022-01-27T01:43:30 - Tracker 'udp://ipv4.tracker.harry.lu:80/announce' was added to torrent 'Nekopara - 05 [1080p] [sub spa] [CDFA5040] mkv'
(N) 2022-01-27T01:43:30 - Tracker 'udp://tracker.cyberia.is:6969/announce' was added to torrent 'Nekopara - 05 [1080p] [sub spa] [CDFA5040] mkv'
(N) 2022-01-27T01:43:30 - Tracker 'udp://retracker.lanta-net.ru:2710/announce' was added to torrent 'Nekopara - 05 [1080p] [sub spa] [CDFA5040] mkv'
(N) 2022-01-27T01:43:30 - Tracker 'udp://tracker.torrent.eu.org:451/announce' was added to torrent 'Nekopara - 05 [1080p] [sub spa] [CDFA5040] mkv'
(N) 2022-01-27T01:43:30 - Tracker 'udp://tracker.internetwarriors.net:1337/announce' was added to torrent 'Nekopara - 05 [1080p] [sub spa] [CDFA5040] mkv'
(N) 2022-01-27T01:43:30 - Tracker 'udp://tracker.tiny-vps.com:6969/announce' was added to torrent 'Nekopara - 05 [1080p] [sub spa] [CDFA5040] mkv'
(N) 2022-01-27T01:43:30 - Tracker 'udp://ipv6.tracker.harry.lu:80/announce' was added to torrent 'Nekopara - 05 [1080p] [sub spa] [CDFA5040] mkv'
(N) 2022-01-27T01:43:30 - Tracker 'udp://tracker.leechers-paradise.org:6969/announce' was added to torrent 'Nekopara - 05 [1080p] [sub spa] [CDFA5040] mkv'
(N) 2022-01-27T01:43:30 - Tracker 'udp://9.rarbg.to:2710/announce' was added to torrent 'Nekopara - 05 [1080p] [sub spa] [CDFA5040] mkv'
(N) 2022-01-27T01:43:30 - Tracker 'udp://tracker.open-internet.nl:6969/announce' was added to torrent 'Nekopara - 05 [1080p] [sub spa] [CDFA5040] mkv'
(N) 2022-01-27T01:43:30 - Tracker 'udp://open.demonii.si:1337/announce' was added to torrent 'Nekopara - 05 [1080p] [sub spa] [CDFA5040] mkv'
(N) 2022-01-27T01:43:30 - Tracker 'udp://denis.stalker.upeer.me:6969/announce' was added to torrent 'Nekopara - 05 [1080p] [sub spa] [CDFA5040] mkv'
(N) 2022-01-27T01:43:30 - Tracker 'udp://p4p.arenabg.com:1337/announce' was added to torrent 'Nekopara - 05 [1080p] [sub spa] [CDFA5040] mkv'
(N) 2022-01-27T01:43:30 - Tracker 'udp://tracker.opentrackr.org:1337/announce' was added to torrent '[HorribleSubs] Nekopara - 12 [1080p].mkv'
(N) 2022-01-27T01:43:30 - Tracker 'udp://tracker.coppersurfer.tk:6969/announce' was added to torrent '[HorribleSubs] Nekopara - 12 [1080p].mkv'
(N) 2022-01-27T01:43:30 - Tracker 'udp://tracker.tiny-vps.com:6969/announce' was added to torrent '[HorribleSubs] Nekopara - 12 [1080p].mkv'
(N) 2022-01-27T01:43:30 - Tracker 'udp://tracker.internetwarriors.net:1337/announce' was added to torrent '[HorribleSubs] Nekopara - 12 [1080p].mkv'
(N) 2022-01-27T01:43:30 - Tracker 'udp://tracker.leechers-paradise.org:6969/announce' was added to torrent '[HorribleSubs] Nekopara - 12 [1080p].mkv'
(N) 2022-01-27T01:43:30 - Tracker 'udp://exodus.desync.com:6969/announce' was added to torrent '[HorribleSubs] Nekopara - 12 [1080p].mkv'
(N) 2022-01-27T01:43:30 - Tracker 'udp://retracker.lanta-net.ru:2710/announce' was added to torrent '[HorribleSubs] Nekopara - 12 [1080p].mkv'
(N) 2022-01-27T01:43:30 - Tracker 'udp://9.rarbg.to:2720/announce' was added to torrent '[HorribleSubs] Nekopara - 12 [1080p].mkv'
(N) 2022-01-27T01:43:30 - Tracker 'udp://tracker.cyberia.is:6969/announce' was added to torrent '[HorribleSubs] Nekopara - 12 [1080p].mkv'
(N) 2022-01-27T01:43:30 - Tracker 'udp://ipv4.tracker.harry.lu:80/announce' was added to torrent '[HorribleSubs] Nekopara - 12 [1080p].mkv'
(N) 2022-01-27T01:43:30 - Tracker 'udp://9.rarbg.to:2770/announce' was added to torrent '[HorribleSubs] Nekopara - 12 [1080p].mkv'
(N) 2022-01-27T01:43:30 - Tracker 'udp://9.rarbg.to:2730/announce' was added to torrent '[HorribleSubs] Nekopara - 12 [1080p].mkv'
(N) 2022-01-27T01:43:30 - Tracker 'udp://9.rarbg.to:2740/announce' was added to torrent '[HorribleSubs] Nekopara - 12 [1080p].mkv'
(N) 2022-01-27T01:43:30 - Tracker 'udp://9.rarbg.me:2770/announce' was added to torrent '[HorribleSubs] Nekopara - 12 [1080p].mkv'
(N) 2022-01-27T01:43:30 - Tracker 'udp://9.rarbg.me:2730/announce' was added to torrent '[HorribleSubs] Nekopara - 12 [1080p].mkv'
(N) 2022-01-27T01:43:30 - Tracker 'udp://tracker.torrent.eu.org:451/announce' was added to torrent '[HorribleSubs] Nekopara - 12 [1080p].mkv'
(N) 2022-01-27T01:43:30 - Tracker 'udp://9.rarbg.to:2710/announce' was added to torrent '[HorribleSubs] Nekopara - 12 [1080p].mkv'
(N) 2022-01-27T01:43:30 - Tracker 'udp://ipv6.tracker.harry.lu:80/announce' was added to torrent '[HorribleSubs] Nekopara - 12 [1080p].mkv'
(N) 2022-01-27T01:43:30 - Tracker 'udp://tracker.open-internet.nl:6969/announce' was added to torrent '[HorribleSubs] Nekopara - 12 [1080p].mkv'
(N) 2022-01-27T01:43:30 - Tracker 'udp://open.demonii.si:1337/announce' was added to torrent '[HorribleSubs] Nekopara - 12 [1080p].mkv'
(N) 2022-01-27T01:43:30 - Tracker 'udp://tracker.pirateparty.gr:6969/announce' was added to torrent '[HorribleSubs] Nekopara - 12 [1080p].mkv'
(N) 2022-01-27T01:43:30 - Tracker 'udp://denis.stalker.upeer.me:6969/announce' was added to torrent '[HorribleSubs] Nekopara - 12 [1080p].mkv'
(N) 2022-01-27T01:43:30 - Tracker 'udp://p4p.arenabg.com:1337/announce' was added to torrent '[HorribleSubs] Nekopara - 12 [1080p].mkv'
(N) 2022-01-27T01:43:44 - Options were saved successfully.
(I) 2022-01-27T01:43:52 - UPnP / NAT-PMP support [OFF]
(N) 2022-01-27T01:43:54 - qBittorrent v4.2.5 started
(N) 2022-01-27T01:43:54 - Using config directory: /home/dusty47z/.config/qBittorrent/
(I) 2022-01-27T01:43:54 - Trying to listen on: 0.0.0.0:21102,[::]:21102
(N) 2022-01-27T01:43:54 - Peer ID: -qB4250-
(N) 2022-01-27T01:43:54 - HTTP User-Agent is 'qBittorrent/4.2.5'
(I) 2022-01-27T01:43:54 - DHT support [ON]
(I) 2022-01-27T01:43:54 - Local Peer Discovery support [ON]
(I) 2022-01-27T01:43:54 - PeX support [ON]
(I) 2022-01-27T01:43:54 - Anonymous mode [OFF]
(I) 2022-01-27T01:43:54 - Encryption support [ON]
(I) 2022-01-27T01:43:54 - UPnP / NAT-PMP support [ON]
(I) 2022-01-27T01:43:54 - IP geolocation database loaded. Type: DBIP-Country-Lite. Build time: Fri Dec 31 20:11:53 2021.
(N) 2022-01-27T01:43:54 - Options were saved successfully.
(I) 2022-01-27T01:43:55 - Successfully listening on IP: 127.0.0.1, port: TCP/21102
(I) 2022-01-27T01:43:55 - Successfully listening on IP: 127.0.0.1, port: UDP/21102
(I) 2022-01-27T01:43:55 - Successfully listening on IP: 192.168.1.58, port: TCP/21102
(I) 2022-01-27T01:43:55 - Successfully listening on IP: 192.168.1.58, port: UDP/21102
(I) 2022-01-27T01:43:55 - Successfully listening on IP: ::1, port: TCP/21102
(I) 2022-01-27T01:43:55 - Successfully listening on IP: ::1, port: UDP/21102
(I) 2022-01-27T01:43:55 - Successfully listening on IP: 2600:6c60:417f:f862:127b:44ff:fe50:3e52, port: TCP/21102
(I) 2022-01-27T01:43:55 - Successfully listening on IP: 2600:6c60:417f:f862:127b:44ff:fe50:3e52, port: UDP/21102
(I) 2022-01-27T01:43:55 - Successfully listening on IP: fe80::127b:44ff:fe50:3e52%enp3s0, port: TCP/21102
(I) 2022-01-27T01:43:55 - Successfully listening on IP: fe80::127b:44ff:fe50:3e52%enp3s0, port: UDP/21102
(I) 2022-01-27T01:43:55 - UPnP/NAT-PMP: Port mapping successful, message: successfully mapped port using UPnP. external port: TCP/21102
(I) 2022-01-27T01:43:55 - UPnP/NAT-PMP: Port mapping successful, message: successfully mapped port using UPnP. external port: UDP/21102
(N) 2022-01-27T01:43:55 - '[HorribleSubs] Nekopara - 03 [1080p].mkv' restored.
(N) 2022-01-27T01:43:55 - '[HorribleSubs] Nekopara - 11 [1080p].mkv' restored.
(N) 2022-01-27T01:43:55 - '[HorribleSubs] Nekopara - 08 [1080p].mkv' restored.
(N) 2022-01-27T01:43:55 - '[HorribleSubs] Nekopara - 04 [1080p].mkv' restored.
(N) 2022-01-27T01:43:55 - '[HorribleSubs] Nekopara - 12 [1080p].mkv' restored.
(N) 2022-01-27T01:43:55 - '[HorribleSubs] Nekopara - 10 [1080p].mkv' restored.
(N) 2022-01-27T01:43:55 - '[HorribleSubs] Nekopara - 01 [1080p].mkv' restored.
(N) 2022-01-27T01:43:55 - '[HorribleSubs] Nekopara - 06 [1080p].mkv' restored.
(N) 2022-01-27T01:43:55 - '[HorribleSubs] Nekopara - 02 [1080p].mkv' restored.
(N) 2022-01-27T01:43:55 - 'Nekopara - 05 [1080p] [sub spa] [CDFA5040] mkv' restored.
(N) 2022-01-27T01:43:55 - '[HorribleSubs] Nekopara - 07 [1080p].mkv' restored.
(N) 2022-01-27T01:43:55 - '[HorribleSubs] Nekopara - 09 [1080p].mkv' restored.
(I) 2022-01-27T01:43:55 - Python detected, executable name: 'python3', version: 3.9.2
(I) 2022-01-27T01:43:55 - Detected external IP: 2600:6c60:417f:f862:127b:44ff:fe50:3e52
(N) 2022-01-27T01:44:46 - 'Nekopara - 05 [1080p] [sub spa] [CDFA5040] mkv' was removed from the transfer list.
(N) 2022-01-27T01:45:36 - '[HorribleSubs] Nekopara - 05 (1080p)' added to download list.
(N) 2022-01-27T01:45:41 - Successfully moved torrent: [HorribleSubs] Nekopara - 05 [1080p].mkv. New path: /home/dusty47z/Downloads
(N) 2022-01-27T01:48:54 - '[Erai-raws] Nekopara - 02 (2020) (1080p)' added to download list.
(N) 2022-01-27T01:49:28 - '[Erai-raws] Nekopara - 02 (2020) (1080p)' was removed from the transfer list.
(I) 2022-01-27T02:19:39 - UPnP / NAT-PMP support [OFF]
